Flutter crash report.
Please report a bug at https://github.com/flutter/flutter/issues.

## command

flutter test d:\Cloud\OneDrive\MJA Trading LLC\-- Apps\speed-alert-pro-flutter

## exception

PathNotFoundException: PathNotFoundException: Directory listing failed, path = 'd:\Cloud\OneDrive\MJA Trading LLC\-- Apps\speed-alert-pro-flutter\build\flutter_plugin_android_lifecycle\.transforms\e019ecc02877a3786701ae55655831d1\transformed\bundleLibRuntimeToDirDebug\bundleLibRuntimeToDirDebug_dex\io\flutter\embedding\engine\plugins\lifecycle\*' (OS Error: The system cannot find the path specified, errno = 3)

```
#0      _Directory._fillWithDirectoryListing (dart:io-patch/directory_patch.dart:49:4)
#1      _Directory.listSync (dart:io/directory_impl.dart:259:5)
#2      ForwardingDirectory.listSync (package:file/src/forwarding/forwarding_directory.dart:43:12)
#3      ForwardingDirectory.listSync (package:file/src/forwarding/forwarding_directory.dart:43:12)
#4      _findTests (package:flutter_tools/src/commands/test.dart:863:8)
#5      TestCommand.verifyThenRunCommand (package:flutter_tools/src/commands/test.dart:369:32)
#6      FlutterCommand.run.<anonymous closure> (package:flutter_tools/src/runner/flutter_command.dart:1590:33)
<asynchronous suspension>
#7      AppContext.run.<anonymous closure> (package:flutter_tools/src/base/context.dart:154:19)
<asynchronous suspension>
#8      CommandRunner.runCommand (package:args/command_runner.dart:212:13)
<asynchronous suspension>
#9      FlutterCommandRunner.runCommand.<anonymous closure> (package:flutter_tools/src/runner/flutter_command_runner.dart:496:9)
<asynchronous suspension>
#10     AppContext.run.<anonymous closure> (package:flutter_tools/src/base/context.dart:154:19)
<asynchronous suspension>
#11     FlutterCommandRunner.runCommand (package:flutter_tools/src/runner/flutter_command_runner.dart:431:5)
<asynchronous suspension>
#12     FlutterCommandRunner.run.<anonymous closure> (package:flutter_tools/src/runner/flutter_command_runner.dart:307:33)
<asynchronous suspension>
#13     run.<anonymous closure>.<anonymous closure> (package:flutter_tools/runner.dart:104:11)
<asynchronous suspension>
#14     AppContext.run.<anonymous closure> (package:flutter_tools/src/base/context.dart:154:19)
<asynchronous suspension>
#15     main (package:flutter_tools/executable.dart:103:3)
<asynchronous suspension>
```

## flutter doctor

```
[!] Flutter (Channel stable, 3.41.6, on Microsoft Windows [Version 10.0.26200.8117], locale en-US) [168ms]
    • Flutter version 3.41.6 on channel stable at C:\src\flutter
    ! The flutter binary is not on your path. Consider adding C:\src\flutter\bin to your path.
    ! The dart binary is not on your path. Consider adding C:\src\flutter\bin to your path.
    • Upstream repository https://github.com/flutter/flutter.git
    • Framework revision db50e20168 (13 days ago), 2026-03-25 16:21:00 -0700
    • Engine revision 425cfb54d0
    • Dart version 3.11.4
    • DevTools version 2.54.2
    • Feature flags: enable-web, enable-linux-desktop, enable-macos-desktop, enable-windows-desktop, enable-android, enable-ios, cli-animations, enable-native-assets, omit-legacy-version-file, enable-lldb-debugging, enable-uiscene-migration
    • If those were intentional, you can disregard the above warnings; however it is recommended to use "git" directly to perform update checks and upgrades.

[✓] Windows Version (Windows 11 or higher, 25H2, 2009) [740ms]

[✓] Android toolchain - develop for Android devices (Android SDK version 36.0.0) [1,893ms]
    • Android SDK at C:\Users\alatt\AppData\Local\Android\sdk
    • Emulator version unknown
    • Platform android-36, build-tools 36.0.0
    • Java binary at: C:\Program Files\Android\Android Studio\jbr\bin\java
      This JDK is specified by the JAVA_HOME environment variable.
      To manually set the JDK path, use: `flutter config --jdk-dir="path/to/jdk"`.
    • Java version OpenJDK Runtime Environment (build 21.0.10+-14961533-b1163.108)
    • All Android licenses accepted.

[✓] Chrome - develop for the web [122ms]
    • Chrome at C:\Program Files\Google\Chrome\Application\chrome.exe

[✗] Visual Studio - develop Windows apps [121ms]
    ✗ Visual Studio not installed; this is necessary to develop Windows apps.
      Download at https://visualstudio.microsoft.com/downloads/.
      Please install the "Desktop development with C++" workload, including all of its default components

[✓] Connected device (4 available) [467ms]
    • SM S926U1 (mobile) • R5CWC3XSFCL • android-arm64  • Android 16 (API 36)
    • Windows (desktop)  • windows     • windows-x64    • Microsoft Windows [Version 10.0.26200.8117]
    • Chrome (web)       • chrome      • web-javascript • Google Chrome 146.0.7680.178
    • Edge (web)         • edge        • web-javascript • Microsoft Edge 146.0.3856.97

[✓] Network resources [378ms]
    • All expected network resources are available.

! Doctor found issues in 2 categories.
```
